<?xml version="1.0" encoding="UTF-8"?>
<testsuite xmlns:xsi="http://www.w3.org/2001/XMLSchema-instance" xsi:schemaLocation="https://maven.apache.org/surefire/maven-surefire-plugin/xsd/surefire-test-report.xsd" name="MULE_EE.4.4.0.ixe_clientes_system-test-suite" time="0.769" failures="0" errors="0" skipped="0" tests="2">
  <properties>
[...]
</properties>
  <testcase time="0.075" name="Respuesta_Fallida_ixe_clientes_system-test-suite-get:\clientes\(id):ixe_clientes_system-configTest" classname="MULE_EE.4.4.0.ixe_clientes_system-test-suite"/>
  <testcase time="0.649" name="Respuesta_Exitosa_ixe_clientes_system-test-suite-get:\clientes\(id):ixe_clientes_system-configTest" classname="MULE_EE.4.4.0.ixe_clientes_system-test-suite"/>
</testsuite>